<?xml version="1.0" encoding="UTF-8"?>
<!-- Generated by org.testng.reporters.JUnitReportReporter -->
<testsuite hostname="DESKTOP-BVIO78J" failures="0" tests="1" name="testpkg.Demo" time="2.924" errors="0" timestamp="2023-11-29T12:16:32 IST" skipped="0">
  <testcase classname="testpkg.Demo" name="test1" time="2.924"/>
  <system-out/>
</testsuite> <!-- testpkg.Demo -->
