<?xml version="1.0" encoding="UTF-8"?>
<!-- Generated by org.testng.reporters.JUnitReportReporter -->
<testsuite hostname="DESKTOP-BVIO78J" failures="0" tests="1" name="testpkg.Automationexercise" time="6.806" errors="0" timestamp="2023-11-30T23:17:11 IST" skipped="0">
  <testcase classname="testpkg.Automationexercise" name="signuppage" time="6.806"/>
  <system-out/>
</testsuite> <!-- testpkg.Automationexercise -->
